[debug] [2025-08-17T06:29:04.741Z] ----------------------------------------------------------------------
[debug] [2025-08-17T06:29:04.744Z] Command:       C:\Program Files\nodejs\node.exe C:\Users\Arifuzzaman\AppData\Roaming\npm\node_modules\firebase-tools\lib\bin\firebase.js deploy
[debug] [2025-08-17T06:29:04.745Z] CLI Version:   14.12.0
[debug] [2025-08-17T06:29:04.745Z] Platform:      win32
[debug] [2025-08-17T06:29:04.745Z] Node Version:  v22.17.1
[debug] [2025-08-17T06:29:04.746Z] Time:          Sun Aug 17 2025 12:29:04 GMT+0600 (Bangladesh Standard Time)
[debug] [2025-08-17T06:29:04.746Z] ----------------------------------------------------------------------
[debug] 
[debug] [2025-08-17T06:29:04.750Z] >>> [apiv2][query] GET https://firebase-public.firebaseio.com/cli.json [none]
[debug] [2025-08-17T06:29:05.221Z] > command requires scopes: ["email","openid","https://www.googleapis.com/auth/cloudplatformprojects.readonly","https://www.googleapis.com/auth/firebase","https://www.googleapis.com/auth/cloud-platform"]
[debug] [2025-08-17T06:29:05.222Z] > authorizing via signed-in user (arifuzzamanar29@gmail.com)
[debug] [2025-08-17T06:29:05.222Z] [iam] checking project learn-hub-ec1a2 for permissions ["firebase.projects.get","firebasehosting.sites.update"]
[debug] [2025-08-17T06:29:05.223Z] Checked if tokens are valid: false, expires at: 1755087182110
[debug] [2025-08-17T06:29:05.223Z] Checked if tokens are valid: false, expires at: 1755087182110
[debug] [2025-08-17T06:29:05.223Z] > refreshing access token with scopes: []
[debug] [2025-08-17T06:29:05.225Z] >>> [apiv2][query] POST https://www.googleapis.com/oauth2/v3/token [none]
[debug] [2025-08-17T06:29:05.225Z] >>> [apiv2][body] POST https://www.googleapis.com/oauth2/v3/token [omitted]
[debug] [2025-08-17T06:29:05.564Z] <<< [apiv2][status] POST https://www.googleapis.com/oauth2/v3/token 200
[debug] [2025-08-17T06:29:05.564Z] <<< [apiv2][body] POST https://www.googleapis.com/oauth2/v3/token [omitted]
[debug] [2025-08-17T06:29:05.577Z] >>> [apiv2][query] POST https://cloudresourcemanager.googleapis.com/v1/projects/learn-hub-ec1a2:testIamPermissions [none]
[debug] [2025-08-17T06:29:05.577Z] >>> [apiv2][(partial)header] POST https://cloudresourcemanager.googleapis.com/v1/projects/learn-hub-ec1a2:testIamPermissions x-goog-quota-user=projects/learn-hub-ec1a2
[debug] [2025-08-17T06:29:05.577Z] >>> [apiv2][body] POST https://cloudresourcemanager.googleapis.com/v1/projects/learn-hub-ec1a2:testIamPermissions {"permissions":["firebase.projects.get","firebasehosting.sites.update"]}
[debug] [2025-08-17T06:29:05.906Z] <<< [apiv2][status] GET https://firebase-public.firebaseio.com/cli.json 200
[debug] [2025-08-17T06:29:05.907Z] <<< [apiv2][body] GET https://firebase-public.firebaseio.com/cli.json {"cloudBuildErrorAfter":1594252800000,"cloudBuildWarnAfter":1590019200000,"defaultNode10After":1594252800000,"minVersion":"3.0.5","node8DeploysDisabledAfter":1613390400000,"node8RuntimeDisabledAfter":1615809600000,"node8WarnAfter":1600128000000}
[debug] [2025-08-17T06:29:07.542Z] <<< [apiv2][status] POST https://cloudresourcemanager.googleapis.com/v1/projects/learn-hub-ec1a2:testIamPermissions 200
[debug] [2025-08-17T06:29:07.542Z] <<< [apiv2][body] POST https://cloudresourcemanager.googleapis.com/v1/projects/learn-hub-ec1a2:testIamPermissions {}
[debug] [2025-08-17T06:29:07.543Z] [iam] error while checking permissions, command may fail: Authorization failed. This account is missing the following required permissions on project learn-hub-ec1a2:

  firebase.projects.get
  firebasehosting.sites.update
[debug] [2025-08-17T06:29:07.546Z] Checked if tokens are valid: true, expires at: 1755415744564
[debug] [2025-08-17T06:29:07.546Z] Checked if tokens are valid: true, expires at: 1755415744564
[debug] [2025-08-17T06:29:07.548Z] >>> [apiv2][query] GET https://firebase.googleapis.com/v1beta1/projects/learn-hub-ec1a2 [none]
[debug] [2025-08-17T06:29:08.511Z] <<< [apiv2][status] GET https://firebase.googleapis.com/v1beta1/projects/learn-hub-ec1a2 403
[debug] [2025-08-17T06:29:08.512Z] <<< [apiv2][body] GET https://firebase.googleapis.com/v1beta1/projects/learn-hub-ec1a2 {"error":{"code":403,"message":"The caller does not have permission","status":"PERMISSION_DENIED"}}
[debug] [2025-08-17T06:29:08.516Z] Request to https://firebase.googleapis.com/v1beta1/projects/learn-hub-ec1a2 had HTTP Error: 403, The caller does not have permission
[debug] [2025-08-17T06:29:08.852Z] FirebaseError: Request to https://firebase.googleapis.com/v1beta1/projects/learn-hub-ec1a2 had HTTP Error: 403, The caller does not have permission
    at responseToError (C:\Users\Arifuzzaman\AppData\Roaming\npm\node_modules\firebase-tools\lib\responseToError.js:52:12)
    at RetryOperation._fn (C:\Users\Arifuzzaman\AppData\Roaming\npm\node_modules\firebase-tools\lib\apiv2.js:312:77)
    at process.processTicksAndRejections (node:internal/process/task_queues:105:5)
[error] 
[error] Error: Failed to get Firebase project learn-hub-ec1a2. Please make sure the project exists and your account has permission to access it.
